2023-08-06 01:56:06,123 - INFO - test_e2e - Entering Name Test as Zahed
2023-08-06 01:56:06,185 - INFO - test_e2e - Entering EMail Test
2023-08-06 01:56:06,232 - INFO - test_e2e - Entering Password Test
2023-08-06 01:56:06,282 - INFO - test_e2e - Clicking on the checkbox
2023-08-06 01:56:06,532 - INFO - test_e2e - Clicking on the Dropdown
2023-08-06 01:56:06,574 - INFO - test_e2e - Clicking on the Radio Button
2023-08-06 01:56:06,814 - INFO - test_e2e - Submitting the form
2023-08-06 01:56:07,091 - INFO - test_e2e - Getting the Message Text
2023-08-06 01:56:08,300 - INFO - test_e2e - Entering Name Test as Zahed
2023-08-06 01:56:08,300 - INFO - test_e2e - Entering Name Test as Zahed
2023-08-06 01:56:08,335 - INFO - test_e2e - Entering EMail Test
2023-08-06 01:56:08,335 - INFO - test_e2e - Entering EMail Test
2023-08-06 01:56:08,403 - INFO - test_e2e - Entering Password Test
2023-08-06 01:56:08,403 - INFO - test_e2e - Entering Password Test
2023-08-06 01:56:08,451 - INFO - test_e2e - Clicking on the checkbox
2023-08-06 01:56:08,451 - INFO - test_e2e - Clicking on the checkbox
2023-08-06 01:56:08,682 - INFO - test_e2e - Clicking on the Dropdown
2023-08-06 01:56:08,682 - INFO - test_e2e - Clicking on the Dropdown
2023-08-06 01:56:08,939 - INFO - test_e2e - Clicking on the Radio Button
2023-08-06 01:56:08,939 - INFO - test_e2e - Clicking on the Radio Button
2023-08-06 01:56:09,200 - INFO - test_e2e - Submitting the form
2023-08-06 01:56:09,200 - INFO - test_e2e - Submitting the form
2023-08-06 01:56:09,468 - INFO - test_e2e - Getting the Message Text
2023-08-06 01:56:09,468 - INFO - test_e2e - Getting the Message Text
2023-08-06 01:56:10,719 - INFO - test_e2e - Entering Name Test as Zahed
2023-08-06 01:56:10,719 - INFO - test_e2e - Entering Name Test as Zahed
2023-08-06 01:56:10,719 - INFO - test_e2e - Entering Name Test as Zahed
2023-08-06 01:56:10,760 - INFO - test_e2e - Entering EMail Test
2023-08-06 01:56:10,760 - INFO - test_e2e - Entering EMail Test
2023-08-06 01:56:10,760 - INFO - test_e2e - Entering EMail Test
2023-08-06 01:56:10,810 - INFO - test_e2e - Entering Password Test
2023-08-06 01:56:10,810 - INFO - test_e2e - Entering Password Test
2023-08-06 01:56:10,810 - INFO - test_e2e - Entering Password Test
2023-08-06 01:56:10,850 - INFO - test_e2e - Clicking on the checkbox
2023-08-06 01:56:10,850 - INFO - test_e2e - Clicking on the checkbox
2023-08-06 01:56:10,850 - INFO - test_e2e - Clicking on the checkbox
2023-08-06 01:56:11,100 - INFO - test_e2e - Clicking on the Dropdown
2023-08-06 01:56:11,100 - INFO - test_e2e - Clicking on the Dropdown
2023-08-06 01:56:11,100 - INFO - test_e2e - Clicking on the Dropdown
2023-08-06 01:56:11,160 - INFO - test_e2e - Clicking on the Radio Button
2023-08-06 01:56:11,160 - INFO - test_e2e - Clicking on the Radio Button
2023-08-06 01:56:11,160 - INFO - test_e2e - Clicking on the Radio Button
2023-08-06 01:56:11,390 - INFO - test_e2e - Submitting the form
2023-08-06 01:56:11,390 - INFO - test_e2e - Submitting the form
2023-08-06 01:56:11,390 - INFO - test_e2e - Submitting the form
2023-08-06 01:56:11,657 - INFO - test_e2e - Getting the Message Text
2023-08-06 01:56:11,657 - INFO - test_e2e - Getting the Message Text
2023-08-06 01:56:11,657 - INFO - test_e2e - Getting the Message Text
